<?xml version="1.0" encoding="UTF-8"?>
<testsuites name="jest tests" tests="4" failures="0" errors="0" time="0.866">
  <testsuite name="/app/users/:userId" errors="0" failures="0" skipped="0" timestamp="2024-12-28T13:41:07" time="0.841" tests="4">
    <testcase classname="/app/users/:userId GET: 正常系 - ユーザー情報取得" name="/app/users/:userId GET: 正常系 - ユーザー情報取得" time="0.008">
    </testcase>
    <testcase classname="/app/users/:userId GET: 異常系 - 存在しないユーザー" name="/app/users/:userId GET: 異常系 - 存在しないユーザー" time="0">
    </testcase>
    <testcase classname="/app/users/:userId GET: 異常系 - 不正なユーザーID形式" name="/app/users/:userId GET: 異常系 - 不正なユーザーID形式" time="0.001">
    </testcase>
    <testcase classname="/app/users/:userId GET: 異常系 - DBエラー" name="/app/users/:userId GET: 異常系 - DBエラー" time="0">
    </testcase>
  </testsuite>
</testsuites>